0 info it worked if it ends with ok
1 verbose cli [ '/usr/local/bin/node',
1 verbose cli   '/usr/local/bin/npm',
1 verbose cli   'install',
1 verbose cli   'forecast.io' ]
2 info using npm@3.10.8
3 info using node@v6.9.1
4 silly loadCurrentTree Starting
5 silly install loadCurrentTree
6 silly install readLocalPackageData
7 silly fetchPackageMetaData forecast.io
8 silly fetchNamedPackageData forecast.io
9 silly mapToRegistry name forecast.io
10 silly mapToRegistry using default registry
11 silly mapToRegistry registry https://registry.npmjs.org/
12 silly mapToRegistry data Result {
12 silly mapToRegistry   raw: 'forecast.io',
12 silly mapToRegistry   scope: null,
12 silly mapToRegistry   escapedName: 'forecast.io',
12 silly mapToRegistry   name: 'forecast.io',
12 silly mapToRegistry   rawSpec: '',
12 silly mapToRegistry   spec: 'latest',
12 silly mapToRegistry   type: 'tag' }
13 silly mapToRegistry uri https://registry.npmjs.org/forecast.io
14 verbose request uri https://registry.npmjs.org/forecast.io
15 verbose request no auth needed
16 info attempt registry request try #1 at 6:41:54 PM
17 verbose request id e2b3c7c3e8b14bc6
18 verbose etag W/"57e44698-3222"
19 verbose lastModified Thu, 22 Sep 2016 21:01:12 GMT
20 http request GET https://registry.npmjs.org/forecast.io
21 http 304 https://registry.npmjs.org/forecast.io
22 verbose headers { date: 'Thu, 18 May 2017 21:41:55 GMT',
22 verbose headers   via: '1.1 varnish',
22 verbose headers   'cache-control': 'max-age=300',
22 verbose headers   etag: 'W/"57e44698-3222"',
22 verbose headers   age: '184',
22 verbose headers   connection: 'keep-alive',
22 verbose headers   'x-served-by': 'cache-gru7126-GRU',
22 verbose headers   'x-cache': 'HIT',
22 verbose headers   'x-cache-hits': '2',
22 verbose headers   'x-timer': 'S1495143716.550252,VS0,VE0',
22 verbose headers   vary: 'Accept-Encoding' }
23 silly get cb [ 304,
23 silly get   { date: 'Thu, 18 May 2017 21:41:55 GMT',
23 silly get     via: '1.1 varnish',
23 silly get     'cache-control': 'max-age=300',
23 silly get     etag: 'W/"57e44698-3222"',
23 silly get     age: '184',
23 silly get     connection: 'keep-alive',
23 silly get     'x-served-by': 'cache-gru7126-GRU',
23 silly get     'x-cache': 'HIT',
23 silly get     'x-cache-hits': '2',
23 silly get     'x-timer': 'S1495143716.550252,VS0,VE0',
23 silly get     vary: 'Accept-Encoding' } ]
24 verbose etag https://registry.npmjs.org/forecast.io from cache
25 verbose get saving forecast.io to /Users/marioaraya/.npm/registry.npmjs.org/forecast.io/.cache.json
26 verbose correctMkdir /Users/marioaraya/.npm correctMkdir not in flight; initializing
27 silly install normalizeTree
28 silly loadCurrentTree Finishing
29 silly loadIdealTree Starting
30 silly install loadIdealTree
31 silly cloneCurrentTree Starting
32 silly install cloneCurrentTreeToIdealTree
33 silly cloneCurrentTree Finishing
34 silly loadShrinkwrap Starting
35 silly install loadShrinkwrap
36 silly loadShrinkwrap Finishing
37 silly loadAllDepsIntoIdealTree Starting
38 silly install loadAllDepsIntoIdealTree
39 silly resolveWithNewModule forecast.io@0.0.11 checking installable status
40 silly cache add args [ 'forecast.io', null ]
41 verbose cache add spec forecast.io
42 silly cache add parsed spec Result {
42 silly cache add   raw: 'forecast.io',
42 silly cache add   scope: null,
42 silly cache add   escapedName: 'forecast.io',
42 silly cache add   name: 'forecast.io',
42 silly cache add   rawSpec: '',
42 silly cache add   spec: 'latest',
42 silly cache add   type: 'tag' }
43 silly addNamed forecast.io@latest
44 verbose addNamed "latest" is being treated as a dist-tag for forecast.io
45 info addNameTag [ 'forecast.io', 'latest' ]
46 silly mapToRegistry name forecast.io
47 silly mapToRegistry using default registry
48 silly mapToRegistry registry https://registry.npmjs.org/
49 silly mapToRegistry data Result {
49 silly mapToRegistry   raw: 'forecast.io',
49 silly mapToRegistry   scope: null,
49 silly mapToRegistry   escapedName: 'forecast.io',
49 silly mapToRegistry   name: 'forecast.io',
49 silly mapToRegistry   rawSpec: '',
49 silly mapToRegistry   spec: 'latest',
49 silly mapToRegistry   type: 'tag' }
50 silly mapToRegistry uri https://registry.npmjs.org/forecast.io
51 verbose addNameTag registry:https://registry.npmjs.org/forecast.io not in flight; fetching
52 verbose get https://registry.npmjs.org/forecast.io not expired, no request
53 silly addNameTag next cb for forecast.io with tag latest
54 silly addNamed forecast.io@0.0.11
55 verbose addNamed "0.0.11" is a plain semver version for forecast.io
56 silly cache afterAdd forecast.io@0.0.11
57 verbose afterAdd /Users/marioaraya/.npm/forecast.io/0.0.11/package/package.json not in flight; writing
58 verbose correctMkdir /Users/marioaraya/.npm correctMkdir not in flight; initializing
59 verbose afterAdd /Users/marioaraya/.npm/forecast.io/0.0.11/package/package.json written
60 silly fetchNamedPackageData debug
61 silly mapToRegistry name debug
62 silly mapToRegistry using default registry
63 silly mapToRegistry registry https://registry.npmjs.org/
64 silly mapToRegistry data Result {
64 silly mapToRegistry   raw: 'debug',
64 silly mapToRegistry   scope: null,
64 silly mapToRegistry   escapedName: 'debug',
64 silly mapToRegistry   name: 'debug',
64 silly mapToRegistry   rawSpec: '',
64 silly mapToRegistry   spec: 'latest',
64 silly mapToRegistry   type: 'tag' }
65 silly mapToRegistry uri https://registry.npmjs.org/debug
66 verbose request uri https://registry.npmjs.org/debug
67 verbose request no auth needed
68 info attempt registry request try #1 at 6:41:55 PM
69 verbose etag W/"591dfee5-15ded"
70 verbose lastModified Thu, 18 May 2017 20:07:01 GMT
71 http request GET https://registry.npmjs.org/debug
72 http 304 https://registry.npmjs.org/debug
73 verbose headers { date: 'Thu, 18 May 2017 21:41:55 GMT',
73 verbose headers   via: '1.1 varnish',
73 verbose headers   'cache-control': 'max-age=300',
73 verbose headers   etag: 'W/"591dfee5-15ded"',
73 verbose headers   age: '256',
73 verbose headers   connection: 'keep-alive',
73 verbose headers   'x-served-by': 'cache-gru7126-GRU',
73 verbose headers   'x-cache': 'HIT',
73 verbose headers   'x-cache-hits': '138',
73 verbose headers   'x-timer': 'S1495143716.900649,VS0,VE0',
73 verbose headers   vary: 'Accept-Encoding' }
74 silly get cb [ 304,
74 silly get   { date: 'Thu, 18 May 2017 21:41:55 GMT',
74 silly get     via: '1.1 varnish',
74 silly get     'cache-control': 'max-age=300',
74 silly get     etag: 'W/"591dfee5-15ded"',
74 silly get     age: '256',
74 silly get     connection: 'keep-alive',
74 silly get     'x-served-by': 'cache-gru7126-GRU',
74 silly get     'x-cache': 'HIT',
74 silly get     'x-cache-hits': '138',
74 silly get     'x-timer': 'S1495143716.900649,VS0,VE0',
74 silly get     vary: 'Accept-Encoding' } ]
75 verbose etag https://registry.npmjs.org/debug from cache
76 verbose get saving debug to /Users/marioaraya/.npm/registry.npmjs.org/debug/.cache.json
77 verbose correctMkdir /Users/marioaraya/.npm correctMkdir not in flight; initializing
78 silly resolveWithNewModule debug@0.7.4 checking installable status
79 silly cache add args [ 'debug@^0.7.2', null ]
80 verbose cache add spec debug@^0.7.2
81 silly cache add parsed spec Result {
81 silly cache add   raw: 'debug@^0.7.2',
81 silly cache add   scope: null,
81 silly cache add   escapedName: 'debug',
81 silly cache add   name: 'debug',
81 silly cache add   rawSpec: '^0.7.2',
81 silly cache add   spec: '>=0.7.2 <0.8.0',
81 silly cache add   type: 'range' }
82 silly addNamed debug@>=0.7.2 <0.8.0
83 verbose addNamed ">=0.7.2 <0.8.0" is a valid semver range for debug
84 silly addNameRange { name: 'debug', range: '>=0.7.2 <0.8.0', hasData: false }
85 silly mapToRegistry name debug
86 silly mapToRegistry using default registry
87 silly mapToRegistry registry https://registry.npmjs.org/
88 silly mapToRegistry data Result {
88 silly mapToRegistry   raw: 'debug',
88 silly mapToRegistry   scope: null,
88 silly mapToRegistry   escapedName: 'debug',
88 silly mapToRegistry   name: 'debug',
88 silly mapToRegistry   rawSpec: '',
88 silly mapToRegistry   spec: 'latest',
88 silly mapToRegistry   type: 'tag' }
89 silly mapToRegistry uri https://registry.npmjs.org/debug
90 verbose addNameRange registry:https://registry.npmjs.org/debug not in flight; fetching
91 verbose get https://registry.npmjs.org/debug not expired, no request
92 silly addNameRange number 2 { name: 'debug', range: '>=0.7.2 <0.8.0', hasData: true }
93 silly addNameRange versions [ 'debug',
93 silly addNameRange   [ '0.0.1',
93 silly addNameRange     '0.1.0',
93 silly addNameRange     '0.2.0',
93 silly addNameRange     '0.3.0',
93 silly addNameRange     '0.4.0',
93 silly addNameRange     '0.4.1',
93 silly addNameRange     '0.5.0',
93 silly addNameRange     '0.6.0',
93 silly addNameRange     '0.7.0',
93 silly addNameRange     '0.7.1',
93 silly addNameRange     '0.7.2',
93 silly addNameRange     '0.7.3',
93 silly addNameRange     '0.7.4',
93 silly addNameRange     '0.8.0',
93 silly addNameRange     '0.8.1',
93 silly addNameRange     '1.0.0',
93 silly addNameRange     '1.0.1',
93 silly addNameRange     '1.0.2',
93 silly addNameRange     '1.0.3',
93 silly addNameRange     '1.0.4',
93 silly addNameRange     '2.0.0',
93 silly addNameRange     '2.1.0',
93 silly addNameRange     '2.1.1',
93 silly addNameRange     '2.1.2',
93 silly addNameRange     '2.1.3',
93 silly addNameRange     '2.2.0',
93 silly addNameRange     '2.3.0',
93 silly addNameRange     '2.3.1',
93 silly addNameRange     '2.3.2',
93 silly addNameRange     '2.3.3',
93 silly addNameRange     '2.4.0',
93 silly addNameRange     '2.4.1',
93 silly addNameRange     '2.4.2',
93 silly addNameRange     '2.4.3',
93 silly addNameRange     '2.4.4',
93 silly addNameRange     '2.4.5',
93 silly addNameRange     '2.5.0',
93 silly addNameRange     '2.5.1',
93 silly addNameRange     '2.5.2',
93 silly addNameRange     '2.6.0',
93 silly addNameRange     '2.6.1',
93 silly addNameRange     '2.6.2',
93 silly addNameRange     '2.6.3',
93 silly addNameRange     '2.6.4',
93 silly addNameRange     '2.6.5',
93 silly addNameRange     '2.6.6',
93 silly addNameRange     '2.6.7',
93 silly addNameRange     '2.6.8' ] ]
94 silly addNamed debug@0.7.4
95 verbose addNamed "0.7.4" is a plain semver version for debug
96 silly cache afterAdd debug@0.7.4
97 verbose afterAdd /Users/marioaraya/.npm/debug/0.7.4/package/package.json not in flight; writing
98 verbose correctMkdir /Users/marioaraya/.npm correctMkdir not in flight; initializing
99 verbose afterAdd /Users/marioaraya/.npm/debug/0.7.4/package/package.json written
100 silly loadAllDepsIntoIdealTree Finishing
101 silly loadIdealTree Finishing
102 silly currentTree server-api@1.0.0
102 silly currentTree ├── accepts@1.3.3
102 silly currentTree ├── ajv@4.11.8
102 silly currentTree ├── array-flatten@1.1.1
102 silly currentTree ├── asn1@0.2.3
102 silly currentTree ├── assert-plus@0.2.0
102 silly currentTree ├── asynckit@0.4.0
102 silly currentTree ├── aws-sign2@0.6.0
102 silly currentTree ├── aws4@1.6.0
102 silly currentTree ├── axios@0.16.1
102 silly currentTree ├── bcrypt-pbkdf@1.0.1
102 silly currentTree ├── boom@2.10.1
102 silly currentTree ├── caseless@0.12.0
102 silly currentTree ├── co@4.6.0
102 silly currentTree ├── combined-stream@1.0.5
102 silly currentTree ├── content-disposition@0.5.2
102 silly currentTree ├── content-type@1.0.2
102 silly currentTree ├── cookie-signature@1.0.6
102 silly currentTree ├── cookie@0.3.1
102 silly currentTree ├── cors@2.8.3
102 silly currentTree ├── cryptiles@2.0.5
102 silly currentTree ├─┬ dashdash@1.14.1
102 silly currentTree │ └── assert-plus@1.0.0
102 silly currentTree ├── debug@2.6.6
102 silly currentTree ├── delayed-stream@1.0.0
102 silly currentTree ├── depd@1.1.0
102 silly currentTree ├── destroy@1.0.4
102 silly currentTree ├── double-ended-queue@2.1.0-0
102 silly currentTree ├── ecc-jsbn@0.1.1
102 silly currentTree ├── ee-first@1.1.1
102 silly currentTree ├── encodeurl@1.0.1
102 silly currentTree ├── escape-html@1.0.3
102 silly currentTree ├── etag@1.8.0
102 silly currentTree ├─┬ express@4.15.2
102 silly currentTree │ ├── debug@2.6.1
102 silly currentTree │ └── ms@0.7.2
102 silly currentTree ├── extend@3.0.1
102 silly currentTree ├── extsprintf@1.0.2
102 silly currentTree ├─┬ finalhandler@1.0.2
102 silly currentTree │ └── debug@2.6.4
102 silly currentTree ├── follow-redirects@1.2.3
102 silly currentTree ├─┬ forecast.io@0.0.11
102 silly currentTree │ └── debug@0.7.4
102 silly currentTree ├── forever-agent@0.6.1
102 silly currentTree ├── form-data@2.1.4
102 silly currentTree ├── forwarded@0.1.0
102 silly currentTree ├── fresh@0.5.0
102 silly currentTree ├─┬ getpass@0.1.7
102 silly currentTree │ └── assert-plus@1.0.0
102 silly currentTree ├── har-schema@1.0.5
102 silly currentTree ├── har-validator@4.2.1
102 silly currentTree ├── hawk@3.1.3
102 silly currentTree ├── hoek@2.16.3
102 silly currentTree ├── http-errors@1.6.1
102 silly currentTree ├── http-signature@1.1.1
102 silly currentTree ├── inherits@2.0.3
102 silly currentTree ├── ipaddr.js@1.3.0
102 silly currentTree ├── is-typedarray@1.0.0
102 silly currentTree ├── isstream@0.1.2
102 silly currentTree ├── jodid25519@1.0.2
102 silly currentTree ├── jsbn@0.1.1
102 silly currentTree ├── json-schema@0.2.3
102 silly currentTree ├── json-stable-stringify@1.0.1
102 silly currentTree ├── json-stringify-safe@5.0.1
102 silly currentTree ├── jsonify@0.0.0
102 silly currentTree ├─┬ jsprim@1.4.0
102 silly currentTree │ └── assert-plus@1.0.0
102 silly currentTree ├── media-typer@0.3.0
102 silly currentTree ├── merge-descriptors@1.0.1
102 silly currentTree ├── methods@1.1.2
102 silly currentTree ├── mime-db@1.27.0
102 silly currentTree ├── mime-types@2.1.15
102 silly currentTree ├── mime@1.3.4
102 silly currentTree ├── ms@0.7.3
102 silly currentTree ├── negotiator@0.6.1
102 silly currentTree ├── oauth-sign@0.8.2
102 silly currentTree ├── object-assign@4.1.1
102 silly currentTree ├── on-finished@2.3.0
102 silly currentTree ├── on-headers@1.0.1
102 silly currentTree ├── parseurl@1.3.1
102 silly currentTree ├── path-to-regexp@0.1.7
102 silly currentTree ├── performance-now@0.2.0
102 silly currentTree ├── proxy-addr@1.1.4
102 silly currentTree ├── punycode@1.4.1
102 silly currentTree ├── qs@6.4.0
102 silly currentTree ├── range-parser@1.2.0
102 silly currentTree ├── redis-commands@1.3.1
102 silly currentTree ├── redis-parser@2.6.0
102 silly currentTree ├── redis@2.7.1
102 silly currentTree ├── request@2.81.0
102 silly currentTree ├── response-time@2.3.2
102 silly currentTree ├── safe-buffer@5.0.1
102 silly currentTree ├─┬ send@0.15.1
102 silly currentTree │ ├── debug@2.6.1
102 silly currentTree │ └── ms@0.7.2
102 silly currentTree ├── serve-static@1.12.1
102 silly currentTree ├── setprototypeof@1.0.3
102 silly currentTree ├── sntp@1.0.9
102 silly currentTree ├─┬ sshpk@1.13.0
102 silly currentTree │ └── assert-plus@1.0.0
102 silly currentTree ├── statuses@1.3.1
102 silly currentTree ├── stringstream@0.0.5
102 silly currentTree ├── tough-cookie@2.3.2
102 silly currentTree ├── tunnel-agent@0.6.0
102 silly currentTree ├── tweetnacl@0.14.5
102 silly currentTree ├── type-is@1.6.15
102 silly currentTree ├── typescript@2.3.2
102 silly currentTree ├── unpipe@1.0.0
102 silly currentTree ├── utils-merge@1.0.0
102 silly currentTree ├── uuid@3.0.1
102 silly currentTree ├── vary@1.1.1
102 silly currentTree └── verror@1.3.6
103 silly idealTree server-api@1.0.0
103 silly idealTree ├── accepts@1.3.3
103 silly idealTree ├── ajv@4.11.8
103 silly idealTree ├── array-flatten@1.1.1
103 silly idealTree ├── asn1@0.2.3
103 silly idealTree ├── assert-plus@0.2.0
103 silly idealTree ├── asynckit@0.4.0
103 silly idealTree ├── aws-sign2@0.6.0
103 silly idealTree ├── aws4@1.6.0
103 silly idealTree ├── axios@0.16.1
103 silly idealTree ├── bcrypt-pbkdf@1.0.1
103 silly idealTree ├── boom@2.10.1
103 silly idealTree ├── caseless@0.12.0
103 silly idealTree ├── co@4.6.0
103 silly idealTree ├── combined-stream@1.0.5
103 silly idealTree ├── content-disposition@0.5.2
103 silly idealTree ├── content-type@1.0.2
103 silly idealTree ├── cookie-signature@1.0.6
103 silly idealTree ├── cookie@0.3.1
103 silly idealTree ├── cors@2.8.3
103 silly idealTree ├── cryptiles@2.0.5
103 silly idealTree ├─┬ dashdash@1.14.1
103 silly idealTree │ └── assert-plus@1.0.0
103 silly idealTree ├── debug@2.6.6
103 silly idealTree ├── delayed-stream@1.0.0
103 silly idealTree ├── depd@1.1.0
103 silly idealTree ├── destroy@1.0.4
103 silly idealTree ├── double-ended-queue@2.1.0-0
103 silly idealTree ├── ecc-jsbn@0.1.1
103 silly idealTree ├── ee-first@1.1.1
103 silly idealTree ├── encodeurl@1.0.1
103 silly idealTree ├── escape-html@1.0.3
103 silly idealTree ├── etag@1.8.0
103 silly idealTree ├─┬ express@4.15.2
103 silly idealTree │ ├── debug@2.6.1
103 silly idealTree │ └── ms@0.7.2
103 silly idealTree ├── extend@3.0.1
103 silly idealTree ├── extsprintf@1.0.2
103 silly idealTree ├─┬ finalhandler@1.0.2
103 silly idealTree │ └── debug@2.6.4
103 silly idealTree ├── follow-redirects@1.2.3
103 silly idealTree ├─┬ forecast.io@0.0.11
103 silly idealTree │ └── debug@0.7.4
103 silly idealTree ├── forever-agent@0.6.1
103 silly idealTree ├── form-data@2.1.4
103 silly idealTree ├── forwarded@0.1.0
103 silly idealTree ├── fresh@0.5.0
103 silly idealTree ├─┬ getpass@0.1.7
103 silly idealTree │ └── assert-plus@1.0.0
103 silly idealTree ├── har-schema@1.0.5
103 silly idealTree ├── har-validator@4.2.1
103 silly idealTree ├── hawk@3.1.3
103 silly idealTree ├── hoek@2.16.3
103 silly idealTree ├── http-errors@1.6.1
103 silly idealTree ├── http-signature@1.1.1
103 silly idealTree ├── inherits@2.0.3
103 silly idealTree ├── ipaddr.js@1.3.0
103 silly idealTree ├── is-typedarray@1.0.0
103 silly idealTree ├── isstream@0.1.2
103 silly idealTree ├── jodid25519@1.0.2
103 silly idealTree ├── jsbn@0.1.1
103 silly idealTree ├── json-schema@0.2.3
103 silly idealTree ├── json-stable-stringify@1.0.1
103 silly idealTree ├── json-stringify-safe@5.0.1
103 silly idealTree ├── jsonify@0.0.0
103 silly idealTree ├─┬ jsprim@1.4.0
103 silly idealTree │ └── assert-plus@1.0.0
103 silly idealTree ├── media-typer@0.3.0
103 silly idealTree ├── merge-descriptors@1.0.1
103 silly idealTree ├── methods@1.1.2
103 silly idealTree ├── mime-db@1.27.0
103 silly idealTree ├── mime-types@2.1.15
103 silly idealTree ├── mime@1.3.4
103 silly idealTree ├── ms@0.7.3
103 silly idealTree ├── negotiator@0.6.1
103 silly idealTree ├── oauth-sign@0.8.2
103 silly idealTree ├── object-assign@4.1.1
103 silly idealTree ├── on-finished@2.3.0
103 silly idealTree ├── on-headers@1.0.1
103 silly idealTree ├── parseurl@1.3.1
103 silly idealTree ├── path-to-regexp@0.1.7
103 silly idealTree ├── performance-now@0.2.0
103 silly idealTree ├── proxy-addr@1.1.4
103 silly idealTree ├── punycode@1.4.1
103 silly idealTree ├── qs@6.4.0
103 silly idealTree ├── range-parser@1.2.0
103 silly idealTree ├── redis-commands@1.3.1
103 silly idealTree ├── redis-parser@2.6.0
103 silly idealTree ├── redis@2.7.1
103 silly idealTree ├── request@2.81.0
103 silly idealTree ├── response-time@2.3.2
103 silly idealTree ├── safe-buffer@5.0.1
103 silly idealTree ├─┬ send@0.15.1
103 silly idealTree │ ├── debug@2.6.1
103 silly idealTree │ └── ms@0.7.2
103 silly idealTree ├── serve-static@1.12.1
103 silly idealTree ├── setprototypeof@1.0.3
103 silly idealTree ├── sntp@1.0.9
103 silly idealTree ├─┬ sshpk@1.13.0
103 silly idealTree │ └── assert-plus@1.0.0
103 silly idealTree ├── statuses@1.3.1
103 silly idealTree ├── stringstream@0.0.5
103 silly idealTree ├── tough-cookie@2.3.2
103 silly idealTree ├── tunnel-agent@0.6.0
103 silly idealTree ├── tweetnacl@0.14.5
103 silly idealTree ├── type-is@1.6.15
103 silly idealTree ├── typescript@2.3.2
103 silly idealTree ├── unpipe@1.0.0
103 silly idealTree ├── utils-merge@1.0.0
103 silly idealTree ├── uuid@3.0.1
103 silly idealTree ├── vary@1.1.1
103 silly idealTree └── verror@1.3.6
104 silly generateActionsToTake Starting
105 silly install generateActionsToTake
106 warn checkPermissions Missing write access to /Users/marioaraya/Projects/github/preact-redis-demo/server-api/node_modules
107 silly rollbackFailedOptional Starting
108 silly rollbackFailedOptional Finishing
109 silly runTopLevelLifecycles Finishing
110 silly install printInstalled
111 warn server-api@1.0.0 No repository field.
112 verbose If you need help, you may report this error at:
112 verbose     <https://github.com/npm/npm/issues>
113 verbose stack Error: EACCES: permission denied, access '/Users/marioaraya/Projects/github/preact-redis-demo/server-api/node_modules'
113 verbose stack     at Error (native)
114 verbose cwd /Users/marioaraya/Projects/github/preact-redis-demo/server-api
115 error Darwin 15.6.0
116 error argv "/usr/local/bin/node" "/usr/local/bin/npm" "install" "forecast.io"
117 error node v6.9.1
118 error npm  v3.10.8
119 error path /Users/marioaraya/Projects/github/preact-redis-demo/server-api/node_modules
120 error code EACCES
121 error errno -13
122 error syscall access
123 error Error: EACCES: permission denied, access '/Users/marioaraya/Projects/github/preact-redis-demo/server-api/node_modules'
123 error     at Error (native)
123 error  { Error: EACCES: permission denied, access '/Users/marioaraya/Projects/github/preact-redis-demo/server-api/node_modules'
123 error     at Error (native)
123 error   errno: -13,
123 error   code: 'EACCES',
123 error   syscall: 'access',
123 error   path: '/Users/marioaraya/Projects/github/preact-redis-demo/server-api/node_modules' }
124 error Please try running this command again as root/Administrator.
125 verbose exit [ -13, true ]
